0 info it worked if it ends with ok
1 verbose cli [ 'D:\\IT\\node.js\\node.exe',
1 verbose cli   'D:\\IT\\node.js\\node_modules\\npm\\bin\\npm-cli.js',
1 verbose cli   'start' ]
2 info using npm@3.10.10
3 info using node@v6.10.0
4 verbose run-script [ 'prestart', 'start', 'poststart' ]
5 info lifecycle fe-world@0.0.0~prestart: fe-world@0.0.0
6 silly lifecycle fe-world@0.0.0~prestart: no script for prestart, continuing
7 info lifecycle fe-world@0.0.0~start: fe-world@0.0.0
8 verbose lifecycle fe-world@0.0.0~start: unsafe-perm in lifecycle true
9 verbose lifecycle fe-world@0.0.0~start: PATH: D:\IT\node.js\node_modules\npm\bin\node-gyp-bin;E:\SZU\fe_world\node_modules\.bin;C:\ProgramData\Oracle\Java\javapath;C:\WINDOWS\system32;C:\WINDOWS;C:\WINDOWS\System32\Wbem;C:\WINDOWS\System32\WindowsPowerShell\v1.0\;D:\IT\jdk1.8\jre\bin;C:\Program Files\MySQL\MySQL Server 5.7\bin;C:\Program Files\Microsoft SQL Server\Client SDK\ODBC\130\Tools\Binn\;C:\Program Files (x86)\Microsoft SQL Server\130\Tools\Binn\;C:\Program Files\Microsoft SQL Server\130\Tools\Binn\;C:\Program Files\Microsoft SQL Server\130\DTS\Binn\;C:\Program Files (x86)\Windows Kits\8.1\Windows Performance Toolkit\;D:\IT\node.js\;D:\IT\node.js\node_modules;D:\IT\node.js\node_global;C:\Program Files\MySQL\MySQL Utilities 1.6\;C:\Program Files\Git\cmd;D:\Program Files\SublimeText 3;C:\Users\linGo\AppData\Local\Microsoft\WindowsApps;C:\Users\linGo\AppData\Roaming\npm
10 verbose lifecycle fe-world@0.0.0~start: CWD: E:\SZU\fe_world
11 silly lifecycle fe-world@0.0.0~start: Args: [ '/d /s /c', 'node ./bin/www' ]
12 verbose stack Error: kill ENOSYS
12 verbose stack     at exports._errnoException (util.js:1022:11)
12 verbose stack     at process.kill (internal/process.js:172:13)
12 verbose stack     at process.listener (D:\IT\node.js\node_modules\npm\node_modules\npmlog\node_modules\gauge\node_modules\signal-exit\index.js:86:15)
12 verbose stack     at emitNone (events.js:91:20)
12 verbose stack     at process.emit (events.js:185:7)
12 verbose stack     at processEmit (D:\IT\node.js\node_modules\npm\node_modules\npmlog\node_modules\gauge\node_modules\signal-exit\index.js:146:32)
12 verbose stack     at processEmit (D:\IT\node.js\node_modules\npm\node_modules\npm-registry-client\node_modules\npmlog\node_modules\gauge\node_modules\signal-exit\index.js:146:32)
12 verbose stack     at Signal.wrap.onsignal (internal/process.js:199:44)
13 verbose cwd E:\SZU\fe_world
14 error Windows_NT 10.0.14393
15 error argv "D:\\IT\\node.js\\node.exe" "D:\\IT\\node.js\\node_modules\\npm\\bin\\npm-cli.js" "start"
16 error node v6.10.0
17 error npm  v3.10.10
18 error code ENOSYS
19 error errno ENOSYS
20 error syscall kill
21 error kill ENOSYS
22 error If you need help, you may report this error at:
22 error     <https://github.com/npm/npm/issues>
23 verbose exit [ 1, true ]
